<?xml version="1.0" encoding="UTF-8"?>
<testng-results skipped="0" failed="0" ignored="0" total="1" passed="1">
  <reporter-output>
  </reporter-output>
  <suite name="Default suite" duration-ms="14068" started-at="2019-02-21T06:57:55Z" finished-at="2019-02-21T06:58:09Z">
    <groups>
    </groups>
    <test name="Default test" duration-ms="14068" started-at="2019-02-21T06:57:55Z" finished-at="2019-02-21T06:58:09Z">
      <class name="TestCases.SignUp">
        <test-method status="PASS" signature="logIn()[pri:0, instance:TestCases.SignUp@2a17b7b6]" name="logIn" duration-ms="14026" started-at="2019-02-21T06:57:55Z" finished-at="2019-02-21T06:58:09Z">
          <reporter-output>
          </reporter-output>
        </test-method> <!-- logIn -->
      </class> <!-- TestCases.SignUp -->
    </test> <!-- Default test -->
  </suite> <!-- Default suite -->
</testng-results>
